<?xml version="1.0" encoding="UTF-8"?>
<!-- Generated by org.testng.reporters.JUnitXMLReporter -->
<testsuite hostname="DESKTOP-TP5SJTO" ignored="4" name="Test" tests="3" failures="0" timestamp="22 Nov 2018 12:22:44 GMT" time="14.926" errors="0">
  <testcase name="testLoginLogoutTC_01" time="0.847" classname="com.actitime.ProjectAndCustomer_Scripts.LoginLogoutTC_01"/>
  <testcase name="testCreateCustomerTC_02" time="1.639" classname="com.actitime.ProjectAndCustomer_Scripts.CreateCustomerTC_02"/>
  <testcase name="testDeleteCustomerTC_03" time="1.621" classname="com.actitime.ProjectAndCustomer_Scripts.DeleteCustomerTC_03"/>
  <testcase name="@AfterTest postconfig" time="0.0" classname="com.actitime.utilLiabrary.SuperTestScript">
    <ignored/>
  </testcase> <!-- @AfterTest postconfig -->
  <testcase name="@AfterTest postconfig" time="0.0" classname="com.actitime.utilLiabrary.SuperTestScript">
    <ignored/>
  </testcase> <!-- @AfterTest postconfig -->
  <testcase name="@BeforeTest preconfig" time="0.0" classname="com.actitime.utilLiabrary.SuperTestScript">
    <ignored/>
  </testcase> <!-- @BeforeTest preconfig -->
  <testcase name="@BeforeTest preconfig" time="0.0" classname="com.actitime.utilLiabrary.SuperTestScript">
    <ignored/>
  </testcase> <!-- @BeforeTest preconfig -->
</testsuite> <!-- Test -->
